<?xml version="1.0" encoding="UTF-8"?>
<!-- Generated by org.testng.reporters.JUnitReportReporter -->
<testsuite skipped="0" hostname="hydws72764" name="co.qa.tests.DemoTest" tests="4" failures="0" timestamp="11 Feb 2019 11:30:48 GMT" time="0.015" errors="0">
  <testcase name="multi" time="0.001" classname="co.qa.tests.DemoTest"/>
  <testcase name="substraction" time="0.002" classname="co.qa.tests.DemoTest"/>
  <testcase name="div" time="0.009" classname="co.qa.tests.DemoTest"/>
  <testcase name="sum" time="0.003" classname="co.qa.tests.DemoTest"/>
</testsuite> <!-- co.qa.tests.DemoTest -->
