<?xml version="1.0" encoding="UTF-8"?>
<!-- Generated by org.testng.reporters.JUnitReportReporter -->
<testsuite skipped="0" hostname="hydws72764" name="com.qa.tests.DemoTest1" tests="4" failures="0" timestamp="12 Feb 2019 08:20:48 GMT" time="0.004" errors="0">
  <testcase name="div" time="0.001" classname="com.qa.tests.DemoTest1"/>
  <testcase name="sum" time="0.001" classname="com.qa.tests.DemoTest1"/>
  <testcase name="multi" time="0.001" classname="com.qa.tests.DemoTest1"/>
  <testcase name="substraction" time="0.001" classname="com.qa.tests.DemoTest1"/>
</testsuite> <!-- com.qa.tests.DemoTest1 -->
